# JRE version: OpenJDK Runtime Environment (11.0.8+10) (build 11.0.8+10-b944.6842174)
# Java VM: OpenJDK 64-Bit Server VM (11.0.8+10-b944.6842174, mixed mode, tiered, compressed oops, g1 gc, windows-amd64)
Heap:
 garbage-first heap   total 524288K, used 24696K [0x0000000080000000, 0x0000000100000000)
  region size 1024K, 10 young (10240K), 6 survivors (6144K)
 Metaspace       used 35342K, capacity 36053K, committed 36304K, reserved 1081344K
  class space    used 4624K, capacity 4896K, committed 4992K, reserved 1048576K
GC Heap History (8 events):
Event: 0.763 GC heap before
{Heap before GC invocations=0 (full 0):
 garbage-first heap   total 524288K, used 31744K [0x0000000080000000, 0x0000000100000000)
  region size 1024K, 25 young (25600K), 0 survivors (0K)
 Metaspace       used 10450K, capacity 10719K, committed 10880K, reserved 1058816K
  class space    used 1081K, capacity 1129K, committed 1152K, reserved 1048576K
}
Event: 0.772 GC heap after
{Heap after GC invocations=1 (full 0):
 garbage-first heap   total 524288K, used 8525K [0x0000000080000000, 0x0000000100000000)
  region size 1024K, 4 young (4096K), 4 survivors (4096K)
 Metaspace       used 10450K, capacity 10719K, committed 10880K, reserved 1058816K
  class space    used 1081K, capacity 1129K, committed 1152K, reserved 1048576K
}
Event: 3.642 GC heap before
{Heap before GC invocations=1 (full 0):
 garbage-first heap   total 524288K, used 96589K [0x0000000080000000, 0x0000000100000000)
  region size 1024K, 92 young (94208K), 4 survivors (4096K)
 Metaspace       used 20695K, capacity 21213K, committed 21296K, reserved 1069056K
  class space    used 2506K, capacity 2688K, committed 2688K, reserved 1048576K
}
Event: 3.652 GC heap after
{Heap after GC invocations=2 (full 0):
 garbage-first heap   total 524288K, used 16429K [0x0000000080000000, 0x0000000100000000)
  region size 1024K, 12 young (12288K), 12 survivors (12288K)
 Metaspace       used 20695K, capacity 21213K, committed 21296K, reserved 1069056K
  class space    used 2506K, capacity 2688K, committed 2688K, reserved 1048576K
}
Event: 3.949 GC heap before
{Heap before GC invocations=3 (full 0):
 garbage-first heap   total 524288K, used 45101K [0x0000000080000000, 0x0000000100000000)
  region size 1024K, 41 young (41984K), 12 survivors (12288K)
 Metaspace       used 23540K, capacity 24082K, committed 24368K, reserved 1071104K
  class space    used 2985K, capacity 3179K, committed 3200K, reserved 1048576K
}
Event: 3.956 GC heap after
{Heap after GC invocations=4 (full 0):
 garbage-first heap   total 524288K, used 17507K [0x0000000080000000, 0x0000000100000000)
  region size 1024K, 2 young (2048K), 2 survivors (2048K)
 Metaspace       used 23540K, capacity 24082K, committed 24368K, reserved 1071104K
  class space    used 2985K, capacity 3179K, committed 3200K, reserved 1048576K
}
Event: 5.402 GC heap before
{Heap before GC invocations=4 (full 0):
 garbage-first heap   total 524288K, used 96355K [0x0000000080000000, 0x0000000100000000)
  region size 1024K, 80 young (81920K), 2 survivors (2048K)
 Metaspace       used 35135K, capacity 35852K, committed 35920K, reserved 1081344K
  class space    used 4591K, capacity 4851K, committed 4864K, reserved 1048576K
}
Event: 5.411 GC heap after
{Heap after GC invocations=5 (full 0):
 garbage-first heap   total 524288K, used 21624K [0x0000000080000000, 0x0000000100000000)
  region size 1024K, 6 young (6144K), 6 survivors (6144K)
 Metaspace       used 35135K, capacity 35852K, committed 35920K, reserved 1081344K
  class space    used 4591K, capacity 4851K, committed 4864K, reserved 1048576K
}

